20:52:19 **** Auto Build of configuration Debug for project Uart_Driver ****
make pre-build main-build 
a9-linaro-pre-build-step
' '
'Building file: ../src/Uart.c'
'Invoking: ARM v7 gcc compiler'
arm-none-eabi-gcc -Wall -O0 -g3 -c -fmessage-length=0 -MT"src/Uart.o" -mcpu=cortex-a9 -mfpu=vfpv3 -mfloat-abi=hard -I../../BaseProject_bsp/ps7_cortexa9_0/include -MMD -MP -MF"src/Uart.d" -MT"src/Uart.o" -o "src/Uart.o" "../src/Uart.c"
../src/Uart.c: In function 'uartReset':
../src/Uart.c:244:2: warning: implicit declaration of function 'usleep'; did you mean 'fseek'? [-Wimplicit-function-declaration]
  usleep(10000); // wait for 10ms
  ^~~~~~
  fseek
../src/Uart.c: In function 'InitializeUart':
../src/Uart.c:403:10: warning: unused variable 'u4TrialVal' [-Wunused-variable]
  RUINT32 u4TrialVal;
          ^~~~~~~~~~
../src/Uart.c: In function 'TxDataPolling':
../src/Uart.c:530:13: warning: assignment to 'RUINT32' {aka 'unsigned int'} from 'RUINT8 *' {aka 'unsigned char *'} makes integer from pointer without a cast [-Wint-conversion]
  u4TempAddr = pu1Data;
             ^
../src/Uart.c:545:1: warning: no return statement in function returning non-void [-Wreturn-type]
 }
 ^
../src/Uart.c: In function 'RxDataPolling':
../src/Uart.c:564:13: warning: assignment to 'RUINT32' {aka 'unsigned int'} from 'RUINT8 *' {aka 'unsigned char *'} makes integer from pointer without a cast [-Wint-conversion]
  u4TempAddr = pu1Data;
             ^
../src/Uart.c:569:37: warning: passing argument 2 of 'uartRegRead' from incompatible pointer type [-Wincompatible-pointer-types]
    uartRegRead(XUARTPS_FIFO_OFFSET, u1TempValue, pCfgInstance);// read if rx fifo is not empty
                                     ^~~~~~~~~~~
../src/Uart.c:197:48: note: expected 'RUINT32 *' {aka 'unsigned int *'} but argument is of type 'RUINT8 *' {aka 'unsigned char *'}
 static void uartRegRead(RUINT32 addr, RUINT32 *value, uartCfgType *Instance)
                                       ~~~~~~~~~^~~~~
../src/Uart.c:578:1: warning: no return statement in function returning non-void [-Wreturn-type]
 }
 ^
../src/Uart.c: In function 'receiveData':
../src/Uart.c:610:1: warning: no return statement in function returning non-void [-Wreturn-type]
 }
 ^
../src/Uart.c: In function 'xUartPsInterruptHandler':
../src/Uart.c:652:26: warning: initialization of 'RUINT32' {aka 'unsigned int'} from 'RUINT8 *' {aka 'unsigned char *'} makes integer from pointer without a cast [-Wint-conversion]
     RUINT32 u4TempAddr = a1UartRxArray;
                          ^~~~~~~~~~~~~
../src/Uart.c:678:38: warning: passing argument 2 of 'uartRegWrite' makes integer from pointer without a cast [-Wint-conversion]
     uartRegWrite(XUARTPS_ISR_OFFSET, &u4IsrStatus, pCfgInstance);
                                      ^~~~~~~~~~~~
../src/Uart.c:181:49: note: expected 'RUINT32' {aka 'unsigned int'} but argument is of type 'RUINT32 *' {aka 'unsigned int *'}
 static void uartRegWrite (RUINT32 addr, RUINT32 value, uartCfgType *Instance)
                                         ~~~~~~~~^~~~~
../src/Uart.c: At top level:
../src/Uart.c:135:19: warning: 'isRxFifoFull' declared 'static' but never defined [-Wunused-function]
 static ReturnType isRxFifoFull(uartCfgType *pCfgInstance);
                   ^~~~~~~~~~~~
../src/Uart.c:137:19: warning: 'uartTx' declared 'static' but never defined [-Wunused-function]
 static ReturnType uartTx(RUINT32 *TxBuffer, RUINT32 size);
                   ^~~~~~
../src/Uart.c:138:19: warning: 'uartRx' declared 'static' but never defined [-Wunused-function]
 static ReturnType uartRx(RUINT32 *RxBuffer, RUINT32 size);
                   ^~~~~~
../src/Uart.c: In function 'UartSendData':
../src/Uart.c:584:1: warning: control reaches end of non-void function [-Wreturn-type]
 }
 ^
../src/Uart.c: In function 'UartReceiveDataPolling':
../src/Uart.c:589:1: warning: control reaches end of non-void function [-Wreturn-type]
 }
 ^
At top level:
../src/Uart.c:597:19: warning: 'receiveData' defined but not used [-Wunused-function]
 static ReturnType receiveData(RUINT8 *pu1Data, RUINT32 u4Size, uartCfgType *pCfgInstance)
                   ^~~~~~~~~~~
'Finished building: ../src/Uart.c'
' '
'Building file: ../src/main.c'
'Invoking: ARM v7 gcc compiler'
arm-none-eabi-gcc -Wall -O0 -g3 -c -fmessage-length=0 -MT"src/main.o" -mcpu=cortex-a9 -mfpu=vfpv3 -mfloat-abi=hard -I../../BaseProject_bsp/ps7_cortexa9_0/include -MMD -MP -MF"src/main.d" -MT"src/main.o" -o "src/main.o" "../src/main.c"
../src/main.c: In function 'setupGIC':
../src/main.c:59:9: warning: variable 'Status' set but not used [-Wunused-but-set-variable]
  RINT32 Status = 0;
         ^~~~~~
../src/main.c: In function 'main':
../src/main.c:117:5: warning: implicit declaration of function 'initializeUartCfg'; did you mean 'InitializeUart'? [-Wimplicit-function-declaration]
     initializeUartCfg (&cfgInstance0);
     ^~~~~~~~~~~~~~~~~
     InitializeUart
../src/main.c:128:6: warning: implicit declaration of function 'sleep'; did you mean 'strsep'? [-Wimplicit-function-declaration]
      sleep(1);
      ^~~~~
      strsep
../src/main.c:133:19: warning: passing argument 1 of 'UartSendData' makes pointer from integer without a cast [-Wint-conversion]
      UartSendData(a1UartRxArray, &cfgInstance0, u4ReceivedDataSize);
                   ^~~~~~~~~~~~~
In file included from ../src/main.c:50:
../src/Uart.h:57:33: note: expected 'RUINT8 *' {aka 'unsigned char *'} but argument is of type 'RUINT8' {aka 'unsigned char'}
 ReturnType UartSendData(RUINT8 *pu1Data, uartCfgType *pCfgInstance, RUINT32 Size);
                         ~~~~~~~~^~~~~~~
../src/main.c:126:13: warning: unused variable 'counter' [-Wunused-variable]
     RUINT32 counter = 0;
             ^~~~~~~
../src/main.c:123:12: warning: unused variable 'trialArray2' [-Wunused-variable]
     RUINT8 trialArray2[] = "this message is the received \r\n";
            ^~~~~~~~~~~
../src/main.c:122:12: warning: unused variable 'trialArray' [-Wunused-variable]
     RUINT8 trialArray[] = "hello from my driver \r\n";
            ^~~~~~~~~~
../src/main.c:111:17: warning: variable 'cfgInstance1' set but not used [-Wunused-but-set-variable]
     uartCfgType cfgInstance1;
                 ^~~~~~~~~~~~
../src/main.c:104:6: warning: unused variable 'Status' [-Wunused-variable]
  int Status;
      ^~~~~~
'Finished building: ../src/main.c'
' '
'Building file: ../src/platform.c'
'Invoking: ARM v7 gcc compiler'
arm-none-eabi-gcc -Wall -O0 -g3 -c -fmessage-length=0 -MT"src/platform.o" -mcpu=cortex-a9 -mfpu=vfpv3 -mfloat-abi=hard -I../../BaseProject_bsp/ps7_cortexa9_0/include -MMD -MP -MF"src/platform.d" -MT"src/platform.o" -o "src/platform.o" "../src/platform.c"
'Finished building: ../src/platform.c'
' '
'Building target: Uart_Driver.elf'
'Invoking: ARM v7 gcc linker'
arm-none-eabi-gcc -mcpu=cortex-a9 -mfpu=vfpv3 -mfloat-abi=hard -Wl,-build-id=none -specs=Xilinx.spec -Wl,-T -Wl,../src/lscript.ld -L../../BaseProject_bsp/ps7_cortexa9_0/lib -o "Uart_Driver.elf"  ./src/Uart.o ./src/main.o ./src/platform.o   -Wl,--start-group,-lxil,-lgcc,-lc,--end-group
'Finished building target: Uart_Driver.elf'
' '
'Invoking: ARM v7 Print Size'
arm-none-eabi-size Uart_Driver.elf  |tee "Uart_Driver.elf.size"
   text	   data	    bss	    dec	    hex	filename
  26016	   1920	  23624	  51560	   c968	Uart_Driver.elf
'Finished building: Uart_Driver.elf.size'
' '

20:52:20 Build Finished (took 826ms)

